<?xml version="1.0" encoding="UTF-8"?>
<robot generator="Robot 6.0.2 (Python 3.11.2 on win32)" generated="20230509 10:24:06.446" rpa="false" schemaversion="3">
<suite id="s1" name="SearchStation" source="C:\bikeapp\robotframework\SearchStation.robot">
<kw name="Set Selenium Speed" library="SeleniumLibrary" type="SETUP">
<arg>${SPEED}</arg>
<doc>Sets the delay that is waited after each Selenium command.</doc>
<status status="PASS" starttime="20230509 10:24:06.588" endtime="20230509 10:24:06.588"/>
</kw>
<test id="s1-t1" name="Navigate To Stations And Search" line="15">
<kw name="Open Browser" library="SeleniumLibrary" type="SETUP">
<arg>${URL}</arg>
<arg>chrome</arg>
<doc>Opens a new browser instance to the optional ``url``.</doc>
<msg timestamp="20230509 10:24:06.589" level="INFO">Opening browser 'chrome' to base url 'http://localhost:8081'.</msg>
<status status="PASS" starttime="20230509 10:24:06.588" endtime="20230509 10:24:09.207"/>
</kw>
<kw name="GoToStations">
<try>
<branch type="TRY">
<kw name="Click Element" library="SeleniumLibrary">
<arg>link:Bike Stations</arg>
<doc>Click the element identified by ``locator``.</doc>
<msg timestamp="20230509 10:24:09.208" level="INFO">Clicking element 'link:Bike Stations'.</msg>
<status status="PASS" starttime="20230509 10:24:09.208" endtime="20230509 10:24:11.260"/>
</kw>
<kw name="Page Should Contain" library="SeleniumLibrary">
<arg>Search for stations</arg>
<doc>Verifies that current page contains ``text``.</doc>
<msg timestamp="20230509 10:24:13.277" level="INFO">Current page contains text 'Search for stations'.</msg>
<status status="PASS" starttime="20230509 10:24:11.260" endtime="20230509 10:24:13.277"/>
</kw>
<status status="PASS" starttime="20230509 10:24:09.207" endtime="20230509 10:24:13.277"/>
</branch>
<branch type="EXCEPT">
<pattern>Page should have contained text 'Search for stations'.</pattern>
<kw name="Log To Console" library="BuiltIn">
<arg>Navigating to station list view failed</arg>
<doc>Logs the given message to the console.</doc>
<status status="NOT RUN" starttime="20230509 10:24:13.278" endtime="20230509 10:24:13.278"/>
</kw>
<status status="NOT RUN" starttime="20230509 10:24:13.277" endtime="20230509 10:24:13.278"/>
</branch>
<status status="PASS" starttime="20230509 10:24:09.207" endtime="20230509 10:24:13.278"/>
</try>
<status status="PASS" starttime="20230509 10:24:09.207" endtime="20230509 10:24:13.278"/>
</kw>
<kw name="SearchForStation">
<kw name="Input Text" library="SeleniumLibrary">
<arg>class:form-control</arg>
<arg>${SEARCHWORD}</arg>
<doc>Types the given ``text`` into the text field identified by ``locator``.</doc>
<msg timestamp="20230509 10:24:13.283" level="INFO">Typing text 'aukio' into text field 'class:form-control'.</msg>
<status status="PASS" starttime="20230509 10:24:13.282" endtime="20230509 10:24:16.347"/>
</kw>
<kw name="Click Element" library="SeleniumLibrary">
<arg>id:button-addon1</arg>
<doc>Click the element identified by ``locator``.</doc>
<msg timestamp="20230509 10:24:16.348" level="INFO">Clicking element 'id:button-addon1'.</msg>
<status status="PASS" starttime="20230509 10:24:16.347" endtime="20230509 10:24:18.404"/>
</kw>
<kw name="Wait Until Element Contains" library="SeleniumLibrary">
<arg>class:list-group</arg>
<arg>${STATION_TO_FIND}</arg>
<doc>Waits until the element ``locator`` contains ``text``.</doc>
<status status="PASS" starttime="20230509 10:24:18.404" endtime="20230509 10:24:20.427"/>
</kw>
<status status="PASS" starttime="20230509 10:24:13.282" endtime="20230509 10:24:20.427"/>
</kw>
<kw name="Close Browser" library="SeleniumLibrary" type="TEARDOWN">
<doc>Closes the current browser.</doc>
<status status="PASS" starttime="20230509 10:24:20.428" endtime="20230509 10:24:23.885"/>
</kw>
<status status="PASS" starttime="20230509 10:24:06.588" endtime="20230509 10:24:23.886"/>
</test>
<status status="PASS" starttime="20230509 10:24:06.447" endtime="20230509 10:24:23.888"/>
</suite>
<statistics>
<total>
<stat pass="1" fail="0" skip="0">All Tests</stat>
</total>
<tag>
</tag>
<suite>
<stat pass="1" fail="0" skip="0" id="s1" name="SearchStation">SearchStation</stat>
</suite>
</statistics>
<errors>
</errors>
</robot>
